#-----------------------------------------------------------
# Vivado v2022.2 (64-bit)
# SW Build 3671981 on Fri Oct 14 05:00:03 MDT 2022
# IP Build 3669848 on Fri Oct 14 08:30:02 MDT 2022
# Start of session at: Tue Apr 23 22:32:37 2024
# Process ID: 45132
# Current directory: C:/Users/Rory/AppData/Roaming/Xilinx/Vitis/S30XLhitmakerStream/solution1/impl/vhdl/project.gen/sources_1/bd/bd_0/ip/bd_0_hls_inst_0
# Command line: vivado.exe -gui_launcher_event rodinguilauncherevent50320 C:\Users\Rory\AppData\Roaming\Xilinx\Vitis\S30XLhitmakerStream\solution1\impl\vhdl\project.gen\sources_1\bd\bd_0\ip\bd_0_hls_inst_0\bd_0_hls_inst_0.dcp
# Log file: C:/Users/Rory/AppData/Roaming/Xilinx/Vitis/S30XLhitmakerStream/solution1/impl/vhdl/project.gen/sources_1/bd/bd_0/ip/bd_0_hls_inst_0/vivado.log
# Journal file: C:/Users/Rory/AppData/Roaming/Xilinx/Vitis/S30XLhitmakerStream/solution1/impl/vhdl/project.gen/sources_1/bd/bd_0/ip/bd_0_hls_inst_0\vivado.jou
# Running On: Big-Daddys-Numbering-Machine, OS: Windows, CPU Frequency: 3593 MHz, CPU Physical cores: 16, Host memory: 85754 MB
#-----------------------------------------------------------
start_gui
open_checkpoint C:/Users/Rory/AppData/Roaming/Xilinx/Vitis/S30XLhitmakerStream/solution1/impl/vhdl/project.gen/sources_1/bd/bd_0/ip/bd_0_hls_inst_0/bd_0_hls_inst_0.dcp
Command: open_checkpoint C:/Users/Rory/AppData/Roaming/Xilinx/Vitis/S30XLhitmakerStream/solution1/impl/vhdl/project.gen/sources_1/bd/bd_0/ip/bd_0_hls_inst_0/bd_0_hls_inst_0.dcp

Starting open_checkpoint Task

Time (s): cpu = 00:00:00 ; elapsed = 00:00:00.053 . Memory (MB): peak = 1654.480 ; gain = 10.266
WARNING: [Board 49-26] cannot add Board Part xilinx.com:vek280_es:part0:1.0 available at E:/Xilinx/Vivado/2022.2/data/xhub/boards/XilinxBoardStore/boards/Xilinx/vek280/es/1.0/board.xml as part xcve2802-vsvh1760-2lp-e-s-es1 specified in board_part file is either invalid or not available
WARNING: [Board 49-26] cannot add Board Part xilinx.com:vhk158_es:part0:1.0 available at E:/Xilinx/Vivado/2022.2/data/xhub/boards/XilinxBoardStore/boards/Xilinx/vhk158/es/1.0/board.xml as part xcvh1582-vsva3697-2mp-e-s-es1 specified in board_part file is either invalid or not available
WARNING: [Board 49-26] cannot add Board Part xilinx.com:vpk120_es:part0:1.2 available at E:/Xilinx/Vivado/2022.2/data/xhub/boards/XilinxBoardStore/boards/Xilinx/vpk120/es/1.2/board.xml as part xcvp1202-vsva2785-2mp-e-s-es1 specified in board_part file is either invalid or not available
WARNING: [Board 49-26] cannot add Board Part xilinx.com:vpk120_es_revb:part0:1.0 available at E:/Xilinx/Vivado/2022.2/data/xhub/boards/XilinxBoardStore/boards/Xilinx/vpk120_revb/es/1.0/board.xml as part xcvp1202-vsva2785-2mp-e-s-es1 specified in board_part file is either invalid or not available
WARNING: [Board 49-26] cannot add Board Part xilinx.com:vpk180_es:part0:1.0 available at E:/Xilinx/Vivado/2022.2/data/xhub/boards/XilinxBoardStore/boards/Xilinx/vpk180/es/1.0/board.xml as part xcvp1802-lsvc4072-2mp-e-s-es1 specified in board_part file is either invalid or not available
WARNING: [Board 49-26] cannot add Board Part xilinx.com:zcu208ld:part0:2.0 available at E:/Xilinx/Vivado/2022.2/data/xhub/boards/XilinxBoardStore/boards/Xilinx/zcu208ld/production/2.0/board.xml as part xczu58dr-fsvg1517-2-i specified in board_part file is either invalid or not available
WARNING: [Board 49-26] cannot add Board Part xilinx.com:zcu216ld:part0:2.0 available at E:/Xilinx/Vivado/2022.2/data/xhub/boards/XilinxBoardStore/boards/Xilinx/zcu216ld/production/2.0/board.xml as part xczu59dr-ffvf1760-2-i specified in board_part file is either invalid or not available
WARNING: [Board 49-26] cannot add Board Part xilinx.com:zcu670:part0:2.0 available at E:/Xilinx/Vivado/2022.2/data/xhub/boards/XilinxBoardStore/boards/Xilinx/zcu670/2.0/board.xml as part xczu67dr-fsve1156-2-i specified in board_part file is either invalid or not available
WARNING: [Board 49-26] cannot add Board Part xilinx.com:zcu670ld:part0:1.0 available at E:/Xilinx/Vivado/2022.2/data/xhub/boards/XilinxBoardStore/boards/Xilinx/zcu670ld/1.0/board.xml as part xczu57dr-fsve1156-2-i specified in board_part file is either invalid or not available
INFO: [IP_Flow 19-234] Refreshing IP repositories
INFO: [IP_Flow 19-1704] No user IP repositories specified
INFO: [IP_Flow 19-2313] Loaded Vivado IP repository 'E:/Xilinx/Vivado/2022.2/data/ip'.
INFO: [Device 21-403] Loading part xcvu9p-flga2577-1-e
Netlist sorting complete. Time (s): cpu = 00:00:01 ; elapsed = 00:00:00.637 . Memory (MB): peak = 2877.668 ; gain = 0.000
INFO: [Netlist 29-17] Analyzing 516 Unisim elements for replacement
INFO: [Netlist 29-28] Unisim Transformation completed in 6 CPU seconds
INFO: [Project 1-479] Netlist was created with Vivado 2022.2
INFO: [Project 1-570] Preparing netlist for logic optimization
Netlist sorting complete. Time (s): cpu = 00:00:00 ; elapsed = 00:00:00.009 . Memory (MB): peak = 3083.570 ; gain = 0.000
INFO: [Project 1-111] Unisim Transformation Summary:
  A total of 108 instances were transformed.
  DSP48E1 => DSP48E2 (DSP_ALU, DSP_A_B_DATA, DSP_C_DATA, DSP_MULTIPLIER, DSP_M_DATA, DSP_OUTPUT, DSP_PREADD, DSP_PREADD_DATA): 12 instances
  DSP48E2 => DSP48E2 (DSP_ALU, DSP_A_B_DATA, DSP_C_DATA, DSP_MULTIPLIER, DSP_M_DATA, DSP_OUTPUT, DSP_PREADD, DSP_PREADD_DATA): 96 instances

INFO: [Project 1-604] Checkpoint was created with Vivado v2022.2 (64-bit) build 3671981
OpenCheckpoint Checksum | Checksum: 7aa46376
----- Checksum: PlaceDB: 00000000 ShapeSum: 7aa46376 RouteDB: 00000000 
open_checkpoint: Time (s): cpu = 00:00:58 ; elapsed = 00:00:42 . Memory (MB): peak = 3637.785 ; gain = 2014.465
exit
INFO: [Common 17-206] Exiting Vivado at Tue Apr 23 22:34:09 2024...
